[0m13:03:16.985762 [debug] [MainThread]: Sending event: {'category': 'dbt', 'action': 'invocation', 'label': 'start', 'context': [<snowplow_tracker.self_describing_json.SelfDescribingJson object at 0x7fa7457ef210>, <snowplow_tracker.self_describing_json.SelfDescribingJson object at 0x7fa7457d9510>, <snowplow_tracker.self_describing_json.SelfDescribingJson object at 0x7fa7457e3990>]}


============================== 13:03:16.989385 | 060f6b75-e6c7-4483-bf28-91c5ef982c74 ==============================
[0m13:03:16.989385 [info ] [MainThread]: Running with dbt=1.8.7
[0m13:03:16.990155 [debug] [MainThread]: running dbt with arguments {'printer_width': '80', 'indirect_selection': 'eager', 'write_json': 'True', 'log_cache_events': 'False', 'partial_parse': 'True', 'cache_selected_only': 'False', 'profiles_dir': '/home/omar/.dbt', 'fail_fast': 'False', 'warn_error': 'None', 'log_path': 'logs', 'debug': 'False', 'version_check': 'True', 'use_colors': 'True', 'use_experimental_parser': 'False', 'empty': 'None', 'quiet': 'False', 'no_print': 'None', 'warn_error_options': 'WarnErrorOptions(include=[], exclude=[])', 'introspect': 'True', 'static_parser': 'True', 'invocation_command': 'dbt init', 'target_path': 'None', 'log_format': 'default', 'send_anonymous_usage_stats': 'True'}
[0m13:03:26.636474 [debug] [MainThread]: Starter project path: /home/omar/dbt-env/lib/python3.11/site-packages/dbt/include/starter_project
[0m13:03:26.640531 [info ] [MainThread]: 
Your new dbt project "custom_postgres" was created!

For more information on how to configure the profiles.yml file,
please consult the dbt documentation here:

  https://docs.getdbt.com/docs/configure-your-profile

One more thing:

Need help? Don't hesitate to reach out to us via GitHub issues or on Slack:

  https://community.getdbt.com/

Happy modeling!

[0m13:03:26.641380 [info ] [MainThread]: Setting up your profile.
[0m13:11:32.698459 [info ] [MainThread]: Profile custom_postgres written to /home/omar/.dbt/profiles.yml using target's profile_template.yml and your supplied values. Run 'dbt debug' to validate the connection.
[0m13:11:32.700889 [debug] [MainThread]: Resource report: {"command_name": "init", "command_success": true, "command_wall_clock_time": 495.76578, "process_user_time": 1.223479, "process_kernel_time": 0.160164, "process_mem_max_rss": "93532", "process_in_blocks": "64", "process_out_blocks": "88"}
[0m13:11:32.701883 [debug] [MainThread]: Command `dbt init` succeeded at 13:11:32.701754 after 495.77 seconds
[0m13:11:32.702488 [debug] [MainThread]: Sending event: {'category': 'dbt', 'action': 'invocation', 'label': 'end', 'context': [<snowplow_tracker.self_describing_json.SelfDescribingJson object at 0x7fa748fb96d0>, <snowplow_tracker.self_describing_json.SelfDescribingJson object at 0x7fa748fb9690>, <snowplow_tracker.self_describing_json.SelfDescribingJson object at 0x7fa748e61290>]}
[0m13:11:32.703147 [debug] [MainThread]: Flushing usage events
